[debug] [2023-10-25T16:25:15.078Z] ----------------------------------------------------------------------
[debug] [2023-10-25T16:25:15.081Z] Command:       C:\Program Files\nodejs\node.exe C:\Users\cvaib\AppData\Roaming\npm\node_modules\firebase-tools\lib\bin\firebase.js deploy
[debug] [2023-10-25T16:25:15.081Z] CLI Version:   12.7.0
[debug] [2023-10-25T16:25:15.081Z] Platform:      win32
[debug] [2023-10-25T16:25:15.082Z] Node Version:  v16.17.0
[debug] [2023-10-25T16:25:15.082Z] Time:          Wed Oct 25 2023 21:55:15 GMT+0530 (India Standard Time)
[debug] [2023-10-25T16:25:15.083Z] ----------------------------------------------------------------------
[debug] 
[debug] [2023-10-25T16:25:15.164Z] > command requires scopes: ["email","openid","https://www.googleapis.com/auth/cloudplatformprojects.readonly","https://www.googleapis.com/auth/firebase","https://www.googleapis.com/auth/cloud-platform"]
[debug] [2023-10-25T16:25:15.164Z] > authorizing via signed-in user (cvaibhavi2001@gmail.com)
[debug] [2023-10-25T16:25:15.164Z] [iam] checking project vaibhavi-portfolio for permissions ["firebase.projects.get","firebasehosting.sites.update"]
[debug] [2023-10-25T16:25:15.166Z] > refreshing access token with scopes: []
[debug] [2023-10-25T16:25:15.168Z] >>> [apiv2][query] POST https://www.googleapis.com/oauth2/v3/token [none]
[debug] [2023-10-25T16:25:15.168Z] >>> [apiv2][body] POST https://www.googleapis.com/oauth2/v3/token [omitted]
[debug] [2023-10-25T16:25:15.346Z] <<< [apiv2][status] POST https://www.googleapis.com/oauth2/v3/token 400
[debug] [2023-10-25T16:25:15.347Z] <<< [apiv2][body] POST https://www.googleapis.com/oauth2/v3/token [omitted]
[debug] [2023-10-25T16:25:15.347Z] >>> [apiv2][query] POST https://cloudresourcemanager.googleapis.com/v1/projects/vaibhavi-portfolio:testIamPermissions [none]
[debug] [2023-10-25T16:25:15.347Z] >>> [apiv2][(partial)header] POST https://cloudresourcemanager.googleapis.com/v1/projects/vaibhavi-portfolio:testIamPermissions x-goog-quota-user=projects/vaibhavi-portfolio
[debug] [2023-10-25T16:25:15.347Z] >>> [apiv2][body] POST https://cloudresourcemanager.googleapis.com/v1/projects/vaibhavi-portfolio:testIamPermissions {"permissions":["firebase.projects.get","firebasehosting.sites.update"]}
[debug] [2023-10-25T16:25:16.635Z] <<< [apiv2][status] POST https://cloudresourcemanager.googleapis.com/v1/projects/vaibhavi-portfolio:testIamPermissions 401
[debug] [2023-10-25T16:25:16.635Z] <<< [apiv2][body] POST https://cloudresourcemanager.googleapis.com/v1/projects/vaibhavi-portfolio:testIamPermissions {"error":{"code":401,"message":"Request had invalid authentication credentials. Expected OAuth 2 access token, login cookie or other valid authentication credential. See https://developers.google.com/identity/sign-in/web/devconsole-project.","status":"UNAUTHENTICATED","details":[{"@type":"type.googleapis.com/google.rpc.ErrorInfo","reason":"ACCESS_TOKEN_TYPE_UNSUPPORTED","metadata":{"method":"google.cloudresourcemanager.v1.Projects.TestIamPermissions","service":"cloudresourcemanager.googleapis.com"}}]}}
[debug] [2023-10-25T16:25:16.636Z] [iam] error while checking permissions, command may fail: FirebaseError: HTTP Error: 401, Request had invalid authentication credentials. Expected OAuth 2 access token, login cookie or other valid authentication credential. See https://developers.google.com/identity/sign-in/web/devconsole-project.
[debug] [2023-10-25T16:25:16.636Z] > refreshing access token with scopes: []
[debug] [2023-10-25T16:25:16.637Z] >>> [apiv2][query] POST https://www.googleapis.com/oauth2/v3/token [none]
[debug] [2023-10-25T16:25:16.637Z] >>> [apiv2][body] POST https://www.googleapis.com/oauth2/v3/token [omitted]
[debug] [2023-10-25T16:25:16.765Z] <<< [apiv2][status] POST https://www.googleapis.com/oauth2/v3/token 400
[debug] [2023-10-25T16:25:16.765Z] <<< [apiv2][body] POST https://www.googleapis.com/oauth2/v3/token [omitted]
[debug] [2023-10-25T16:25:16.766Z] >>> [apiv2][query] GET https://firebase.googleapis.com/v1beta1/projects/vaibhavi-portfolio [none]
[debug] [2023-10-25T16:25:16.954Z] <<< [apiv2][status] GET https://firebase.googleapis.com/v1beta1/projects/vaibhavi-portfolio 401
[debug] [2023-10-25T16:25:16.954Z] <<< [apiv2][body] GET https://firebase.googleapis.com/v1beta1/projects/vaibhavi-portfolio {"error":{"code":401,"message":"Request had invalid authentication credentials. Expected OAuth 2 access token, login cookie or other valid authentication credential. See https://developers.google.com/identity/sign-in/web/devconsole-project.","status":"UNAUTHENTICATED"}}
[debug] [2023-10-25T16:25:16.955Z] HTTP Error: 401, Request had invalid authentication credentials. Expected OAuth 2 access token, login cookie or other valid authentication credential. See https://developers.google.com/identity/sign-in/web/devconsole-project.
[debug] [2023-10-25T16:25:17.159Z] FirebaseError: HTTP Error: 401, Request had invalid authentication credentials. Expected OAuth 2 access token, login cookie or other valid authentication credential. See https://developers.google.com/identity/sign-in/web/devconsole-project.
    at responseToError (C:\Users\cvaib\AppData\Roaming\npm\node_modules\firebase-tools\lib\responseToError.js:49:12)
    at RetryOperation._fn (C:\Users\cvaib\AppData\Roaming\npm\node_modules\firebase-tools\lib\apiv2.js:285:77)
    at processTicksAndRejections (node:internal/process/task_queues:96:5)
[error] 
[error] Error: Failed to get Firebase project vaibhavi-portfolio. Please make sure the project exists and your account has permission to access it.
